GROUP,PACKAGE,CLASS,INSTRUCTION_MISSED,INSTRUCTION_COVERED,BRANCH_MISSED,BRANCH_COVERED,LINE_MISSED,LINE_COVERED,COMPLEXITY_MISSED,COMPLEXITY_COVERED,METHOD_MISSED,METHOD_COVERED
Calendar,calendar,CalendarMain,357,0,4,0,76,0,4,0,2,0
Calendar,calendar,DateOutOfRangeException,3,4,0,0,2,2,1,1,1,1
Calendar,calendar,XmlParserErrorHandler,34,45,1,1,5,9,3,3,2,3
Calendar,calendar,Appt,35,334,7,37,8,91,8,50,2,34
Calendar,calendar,CalDay,252,102,19,9,46,30,20,10,9,7
Calendar,calendar,CalendarUtil,3,88,0,10,1,12,1,8,1,3
Calendar,calendar,DataHandler,121,864,13,67,28,232,15,42,2,14
